<?xml version="1.0" encoding="UTF-8"?>
<!-- Generated by org.testng.reporters.JUnitReportReporter -->
<testsuite hostname="DESKTOP-LQS24JT" failures="0" tests="2" name="addWishlist.Chezuba" time="12.313" errors="0" timestamp="2024-08-17T14:43:12 IST" skipped="0">
  <testcase classname="addWishlist.Chezuba" name="setupDriver" time="8.744"/>
  <system-out/>
  <testcase classname="addWishlist.Chezuba" name="test01" time="3.569"/>
  <system-out/>
</testsuite> <!-- addWishlist.Chezuba -->
